{"/Users/admin/Documents/FirstTypescript/src/app/doubles/OtherUtils.ts": {"path":"/Users/admin/Documents/FirstTypescript/src/app/doubles/OtherUtils.ts","statementMap":{"0":{"start":{"line":10,"column":2},"end":{"line":12,"column":16}},"1":{"start":{"line":11,"column":4},"end":{"line":11,"column":72}},"2":{"start":{"line":12,"column":7},"end":{"line":12,"column":16}},"3":{"start":{"line":9,"column":0},"end":{"line":9,"column":16}}},"fnMap":{"0":{"name":"calculateComplexity","decl":{"start":{"line":9,"column":16},"end":{"line":9,"column":35}},"loc":{"start":{"line":9,"column":58},"end":{"line":13,"column":1}}}},"branchMap":{"0":{"loc":{"start":{"line":10,"column":2},"end":{"line":12,"column":16}},"type":"if","locations":[{"start":{"line":10,"column":2},"end":{"line":12,"column":16}},{"start":{"line":12,"column":7},"end":{"line":12,"column":16}}]}},"s":{"0":2,"1":1,"2":1,"3":1},"f":{"0":2},"b":{"0":[1,1]}}
}
