{"/Users/admin/Documents/FirstTypescript/src/app/calculateAge/calculateAge.ts": {"path":"/Users/admin/Documents/FirstTypescript/src/app/calculateAge/calculateAge.ts","statementMap":{"0":{"start":{"line":1,"column":26},"end":{"line":3,"column":1}},"1":{"start":{"line":2,"column":2},"end":{"line":2,"column":21}},"2":{"start":{"line":1,"column":11},"end":{"line":1,"column":26}},"3":{"start":{"line":6,"column":12},"end":{"line":9,"column":null}},"4":{"start":{"line":7,"column":4},"end":{"line":9,"column":12}},"5":{"start":{"line":8,"column":6},"end":{"line":8,"column":27}},"6":{"start":{"line":11,"column":2},"end":{"line":11,"column":11}},"7":{"start":{"line":5,"column":0},"end":{"line":5,"column":22}}},"fnMap":{"0":{"name":"(anonymous_7)","decl":{"start":{"line":1,"column":26},"end":{"line":1,"column":27}},"loc":{"start":{"line":1,"column":51},"end":{"line":3,"column":1}}},"1":{"name":"calculateAgePromise","decl":{"start":{"line":5,"column":22},"end":{"line":5,"column":41}},"loc":{"start":{"line":5,"column":54},"end":{"line":12,"column":null}}},"2":{"name":"(anonymous_10)","decl":{"start":{"line":6,"column":30},"end":{"line":6,"column":31}},"loc":{"start":{"line":7,"column":4},"end":{"line":9,"column":12}}},"3":{"name":"(anonymous_11)","decl":{"start":{"line":7,"column":15},"end":{"line":7,"column":18}},"loc":{"start":{"line":7,"column":20},"end":{"line":9,"column":5}}}},"branchMap":{},"s":{"0":1,"1":1,"2":1,"3":1,"4":1,"5":1,"6":1,"7":1},"f":{"0":1,"1":1,"2":1,"3":1},"b":{}}
}
